2024-07-17 17:02:10 - Configuration file ./fitcli.conf not found. Using default values.
2024-07-17 17:02:10 - Workflow started
2024-07-17 17:02:10 - Workout date: 2024-07-17, File format: yml
2024-07-17 17:02:11 - Data inserted in database.
2024-07-17 17:02:15 - Figures prepared successfully.
2024-07-17 17:02:15 - Workflow completed successfully
2024-07-18 22:56:38 - Configuration file ./fitcli.conf not found. Using default values.
2024-07-18 22:56:38 - Workflow started
2024-07-18 22:56:38 - Workout date: 2024-07-18, File format: yml
2024-07-18 22:56:39 - Data inserted in database.
2024-07-18 22:56:43 - Figures prepared successfully.
2024-07-18 22:56:43 - Workflow completed successfully
2024-07-27 21:43:34 - Configuration file ./fitcli.conf not found. Using default values.
2024-07-27 21:43:34 - Workflow started
2024-07-27 21:43:34 - Workout date: 2024-07-27, File format: yml
2024-07-27 21:43:35 - Data inserted in database.
2024-07-27 21:43:42 - Figures prepared successfully.
2024-07-27 21:43:43 - Workflow completed successfully
2024-07-29 19:16:28 - Configuration file ./fitcli.conf not found. Using default values.
2024-07-29 19:16:28 - Workflow started
2024-07-29 19:16:28 - Workout date: 2024-07-29, File format: yml
2024-07-29 19:16:29 - Data inserted in database.
2024-07-29 19:16:34 - Figures prepared successfully.
2024-07-29 19:16:34 - Workflow completed successfully
2024-07-31 18:14:30 - Configuration file ./fitcli.conf not found. Using default values.
2024-07-31 18:14:30 - Workflow started
2024-07-31 18:14:30 - Workout date: 2024-07-31, File format: yml
2024-07-31 18:14:32 - Data inserted in database.
2024-07-31 18:14:36 - Figures prepared successfully.
2024-07-31 18:14:36 - Workflow completed successfully
2024-08-04 20:02:29 - Configuration file ./fitcli.conf not found. Using default values.
2024-08-04 20:02:29 - Workflow started
2024-08-04 20:02:29 - Workout date: 2024-08-04, File format: yml
2024-08-04 20:02:30 - Data inserted in database.
2024-08-04 20:02:35 - Figures prepared successfully.
2024-08-04 20:02:35 - Workflow completed successfully
2024-08-05 17:29:56 - Configuration file ./fitcli.conf not found. Using default values.
2024-08-05 17:29:56 - Workflow started
2024-08-05 17:29:56 - Workout date: 2024-08-05, File format: yml
2024-08-05 17:29:57 - Data inserted in database.
2024-08-05 17:30:02 - Figures prepared successfully.
2024-08-05 17:30:02 - Workflow completed successfully
2024-08-07 21:35:12 - Error: Invalid date format. Expected YYYY-MM-DD.
2024-08-07 21:35:25 - Error: Invalid date format. Expected YYYY-MM-DD.
2024-08-07 21:42:35 - Error: Invalid date format. Expected YYYY-MM-DD.
2024-08-07 21:49:46 - Error: Invalid date format. Expected YYYY-MM-DD.
2024-08-07 21:52:53 - Configuration file ./fitcli.conf not found. Using default values.
2024-08-07 21:52:53 - Workflow started
2024-08-07 21:52:53 - Workout date: 2024-08-06, File format: yml
2024-08-07 21:52:54 - Data inserted in database.
2024-08-07 21:52:59 - Figures prepared successfully.
2024-08-07 21:53:00 - Workflow completed successfully
